<?xml version="1.0" encoding="UTF-8"?>
<!-- Generated by org.testng.reporters.JUnitXMLReporter -->
<testsuite hostname="DESKTOP-9M5M9JU" ignored="2" name="testng" tests="5" failures="3" timestamp="09 Jan 2019 06:37:35 GMT" time="1.794" errors="0">
  <testcase name="formfilling" time="1.656" classname="paymentpageprocedure.paymentpageform">
    <failure type="org.testng.internal.reflect.MethodMatcherException" message="
Data provider mismatch
Method: formfilling([Parameter{index=0, type=java.lang.String, declaredAnnotations=[]}, Parameter{index=1, type=java.lang.String, declaredAnnotations=[]}, Parameter{index=2, type=java.lang.String, declaredAnnotations=[]}, Parameter{index=3, type=java.lang.String, declaredAnnotations=[]}, Parameter{index=4, type=java.lang.String, declaredAnnotations=[]}, Parameter{index=5, type=java.lang.String, declaredAnnotations=[]}, Parameter{index=6, type=java.lang.String, declaredAnnotations=[]}, Parameter{index=7, type=java.lang.String, declaredAnnotations=[]}, Parameter{index=8, type=java.lang.String, declaredAnnotations=[]}, Parameter{index=9, type=java.lang.String, declaredAnnotations=[]}])
Arguments: [(java.lang.String) http://localhost/airpay_php/transaction.html,(java.lang.String) aniket.paradhi@airpay.co.in,(java.lang.String) 9773135845,(java.lang.String) Aniket,(java.lang.String) Paradhi,(java.lang.String) 400060,(java.lang.String) test1,(java.lang.String) 1.00,(java.lang.String) 4111111111111111,(java.lang.String) 12/21,(java.lang.String) 123]">
      <![CDATA[org.testng.internal.reflect.MethodMatcherException: 
Data provider mismatch
Method: formfilling([Parameter{index=0, type=java.lang.String, declaredAnnotations=[]}, Parameter{index=1, type=java.lang.String, declaredAnnotations=[]}, Parameter{index=2, type=java.lang.String, declaredAnnotations=[]}, Parameter{index=3, type=java.lang.String, declaredAnnotations=[]}, Parameter{index=4, type=java.lang.String, declaredAnnotations=[]}, Parameter{index=5, type=java.lang.String, declaredAnnotations=[]}, Parameter{index=6, type=java.lang.String, declaredAnnotations=[]}, Parameter{index=7, type=java.lang.String, declaredAnnotations=[]}, Parameter{index=8, type=java.lang.String, declaredAnnotations=[]}, Parameter{index=9, type=java.lang.String, declaredAnnotations=[]}])
Arguments: [(java.lang.String) http://localhost/airpay_php/transaction.html,(java.lang.String) aniket.paradhi@airpay.co.in,(java.lang.String) 9773135845,(java.lang.String) Aniket,(java.lang.String) Paradhi,(java.lang.String) 400060,(java.lang.String) test1,(java.lang.String) 1.00,(java.lang.String) 4111111111111111,(java.lang.String) 12/21,(java.lang.String) 123]
... Removed 20 stack frames]]>
    </failure>
  </testcase> <!-- formfilling -->
  <testcase name="failTest" time="0.015" classname="paymentpageprocedure.DefaultReport">
    <failure type="java.lang.AssertionError" message="expected [true] but found [false]">
      <![CDATA[java.lang.AssertionError: expected [true] but found [false]
at paymentpageprocedure.DefaultReport.failTest(DefaultReport.java:16)
... Removed 29 stack frames]]>
    </failure>
  </testcase> <!-- failTest -->
  <testcase name="passTest" time="0.003" classname="paymentpageprocedure.DefaultReport"/>
  <testcase name="skipTest" time="0.004" classname="paymentpageprocedure.DefaultReport">
    <skipped/>
  </testcase> <!-- skipTest -->
  <testcase name="netbanks" time="0.019" classname="paymentpageprocedure.netbank">
    <failure type="org.testng.internal.reflect.MethodMatcherException" message="
Data provider mismatch
Method: netbanks([Parameter{index=0, type=java.lang.String, declaredAnnotations=[]}, Parameter{index=1, type=java.lang.String, declaredAnnotations=[]}, Parameter{index=2, type=java.lang.String, declaredAnnotations=[]}, Parameter{index=3, type=java.lang.String, declaredAnnotations=[]}, Parameter{index=4, type=java.lang.String, declaredAnnotations=[]}, Parameter{index=5, type=java.lang.String, declaredAnnotations=[]}, Parameter{index=6, type=java.lang.String, declaredAnnotations=[]}, Parameter{index=7, type=java.lang.String, declaredAnnotations=[]}, Parameter{index=8, type=java.lang.String, declaredAnnotations=[]}, Parameter{index=9, type=java.lang.String, declaredAnnotations=[]}])
Arguments: [(java.lang.String) http://localhost/airpay_php/transaction.html,(java.lang.String) aniket.paradhi@airpay.co.in,(java.lang.String) 9773135845,(java.lang.String) Aniket,(java.lang.String) Paradhi,(java.lang.String) 400060,(java.lang.String) test1,(java.lang.String) 1.00,(java.lang.String) 4111111111111111,(java.lang.String) 12/21,(java.lang.String) 123]">
      <![CDATA[org.testng.internal.reflect.MethodMatcherException: 
Data provider mismatch
Method: netbanks([Parameter{index=0, type=java.lang.String, declaredAnnotations=[]}, Parameter{index=1, type=java.lang.String, declaredAnnotations=[]}, Parameter{index=2, type=java.lang.String, declaredAnnotations=[]}, Parameter{index=3, type=java.lang.String, declaredAnnotations=[]}, Parameter{index=4, type=java.lang.String, declaredAnnotations=[]}, Parameter{index=5, type=java.lang.String, declaredAnnotations=[]}, Parameter{index=6, type=java.lang.String, declaredAnnotations=[]}, Parameter{index=7, type=java.lang.String, declaredAnnotations=[]}, Parameter{index=8, type=java.lang.String, declaredAnnotations=[]}, Parameter{index=9, type=java.lang.String, declaredAnnotations=[]}])
Arguments: [(java.lang.String) http://localhost/airpay_php/transaction.html,(java.lang.String) aniket.paradhi@airpay.co.in,(java.lang.String) 9773135845,(java.lang.String) Aniket,(java.lang.String) Paradhi,(java.lang.String) 400060,(java.lang.String) test1,(java.lang.String) 1.00,(java.lang.String) 4111111111111111,(java.lang.String) 12/21,(java.lang.String) 123]
... Removed 20 stack frames]]>
    </failure>
  </testcase> <!-- netbanks -->
  <testcase name="@BeforeSuite beforeSuite" time="0.0" classname="paymentpageprocedure.init">
    <ignored/>
  </testcase> <!-- @BeforeSuite beforeSuite -->
  <testcase name="@AfterSuite afterSuite" time="0.0" classname="paymentpageprocedure.init">
    <ignored/>
  </testcase> <!-- @AfterSuite afterSuite -->
</testsuite> <!-- testng -->
